<?xml version="1.0" encoding="UTF-8"?>
<testsuite xmlns:xsi="http://www.w3.org/2001/XMLSchema-instance" xsi:noNamespaceSchemaLocation="https://maven.apache.org/surefire/maven-surefire-plugin/xsd/surefire-test-report.xsd" version="3.0.2" name="com.loadbalancer.health.HealthCheckerTest" time="0.34" tests="5" errors="0" skipped="0" failures="0">
  <properties>
[...]
</properties>
  <testcase name="deadBackendRecoversAfterSuccessThreshold" classname="com.loadbalancer.health.HealthCheckerTest" time="0.015">
    <system-out><![CDATA[23:45:08.341 [main] INFO com.loadbalancer.pool.RoundRobinPool -- Backend added to round-robin pool: backend=recovering, url=http://localhost:55433, pool_size=1
23:45:08.343 [main] INFO com.loadbalancer.pool.Backend -- Backend status changed: backend=recovering, alive=false
23:45:08.348 [ForkJoinPool.commonPool-worker-1] INFO com.loadbalancer.health.HealthChecker -- Backend recovered: backend=recovering, consecutive_successes=2
23:45:08.349 [ForkJoinPool.commonPool-worker-1] INFO com.loadbalancer.pool.Backend -- Backend status changed: backend=recovering, alive=true
]]></system-out>
  </testcase>
  <testcase name="healthyBackendStaysAlive" classname="com.loadbalancer.health.HealthCheckerTest" time="0.004">
    <system-out><![CDATA[23:45:08.351 [main] INFO com.loadbalancer.pool.RoundRobinPool -- Backend added to round-robin pool: backend=healthy, url=http://localhost:55436, pool_size=1
]]></system-out>
  </testcase>
  <testcase name="startAndStopHealthChecker" classname="com.loadbalancer.health.HealthCheckerTest" time="0.31">
    <system-out><![CDATA[23:45:08.356 [main] INFO com.loadbalancer.pool.RoundRobinPool -- Backend added to round-robin pool: backend=b1, url=http://localhost:55439, pool_size=1
23:45:08.356 [main] INFO com.loadbalancer.health.HealthChecker -- Health checker starting: interval=PT0.1S, timeout=PT2S, path=/health, failure_threshold=3, success_threshold=1
23:45:08.661 [main] INFO com.loadbalancer.health.HealthChecker -- Health checker stopping
23:45:08.662 [main] INFO com.loadbalancer.health.HealthChecker -- Health checker stopped
]]></system-out>
  </testcase>
  <testcase name="unreachableBackendMarkedDead" classname="com.loadbalancer.health.HealthCheckerTest" time="0.003">
    <system-out><![CDATA[23:45:08.666 [ForkJoinPool.commonPool-worker-1] DEBUG com.loadbalancer.health.HealthChecker -- Health check failed: backend=b1, reason=ConnectException: null, failures=1/3
23:45:08.666 [main] INFO com.loadbalancer.pool.RoundRobinPool -- Backend added to round-robin pool: backend=unreachable, url=http://localhost:1, pool_size=1
23:45:08.668 [ForkJoinPool.commonPool-worker-1] WARN com.loadbalancer.health.HealthChecker -- Backend marked dead: backend=unreachable, reason=ConnectException: null, consecutive_failures=1
23:45:08.668 [ForkJoinPool.commonPool-worker-1] INFO com.loadbalancer.pool.Backend -- Backend status changed: backend=unreachable, alive=false
]]></system-out>
  </testcase>
  <testcase name="unhealthyBackendMarkedDeadAfterThreshold" classname="com.loadbalancer.health.HealthCheckerTest" time="0.005">
    <system-out><![CDATA[23:45:08.670 [main] INFO com.loadbalancer.pool.RoundRobinPool -- Backend added to round-robin pool: backend=unhealthy, url=http://localhost:55448, pool_size=1
23:45:08.672 [ForkJoinPool.commonPool-worker-1] DEBUG com.loadbalancer.health.HealthChecker -- Health check failed: backend=unhealthy, reason=HTTP 500, failures=1/3
23:45:08.673 [ForkJoinPool.commonPool-worker-1] DEBUG com.loadbalancer.health.HealthChecker -- Health check failed: backend=unhealthy, reason=HTTP 500, failures=2/3
23:45:08.674 [ForkJoinPool.commonPool-worker-1] WARN com.loadbalancer.health.HealthChecker -- Backend marked dead: backend=unhealthy, reason=HTTP 500, consecutive_failures=3
23:45:08.674 [ForkJoinPool.commonPool-worker-1] INFO com.loadbalancer.pool.Backend -- Backend status changed: backend=unhealthy, alive=false
]]></system-out>
  </testcase>
</testsuite>