<?xml version="1.0" encoding="UTF-8"?>
<testsuite xmlns:xsi="http://www.w3.org/2001/XMLSchema-instance" xsi:noNamespaceSchemaLocation="https://maven.apache.org/surefire/maven-surefire-plugin/xsd/surefire-test-report.xsd" version="3.0.2" name="com.loadbalancer.proxy.ProxyHandlerTest" time="0.242" tests="19" errors="0" skipped="0" failures="0">
  <properties>
[...]
</properties>
  <testcase name="returns503ForDeadBackend" classname="com.loadbalancer.proxy.ProxyHandlerTest" time="0.025">
    <system-out><![CDATA[23:45:06.720 [main] INFO com.loadbalancer.pool.Backend -- Backend status changed: backend=dead, alive=false
23:45:06.721 [main] INFO com.loadbalancer.pool.RoundRobinPool -- Backend added to round-robin pool: backend=dead, url=http://localhost:1, pool_size=1
23:45:06.724 [HTTP-Dispatcher] WARN com.loadbalancer.pool.RoundRobinPool -- No healthy backends available, total_backends=1
]]></system-out>
  </testcase>
  <testcase name="noRateLimitingWithoutLimiter" classname="com.loadbalancer.proxy.ProxyHandlerTest" time="0.035">
    <system-out><![CDATA[23:45:06.726 [main] INFO com.loadbalancer.pool.RoundRobinPool -- Backend added to round-robin pool: backend=test-backend, url=http://localhost:55350, pool_size=1
23:45:06.728 [HTTP-Dispatcher] INFO com.loadbalancer.proxy.ProxyHandler -- Proxying request: method=GET, path=/test, remote_addr=/127.0.0.1:55352, backend=test-backend, active_conns=0
23:45:06.733 [HTTP-Dispatcher] INFO com.loadbalancer.proxy.ProxyHandler -- Proxying request: method=GET, path=/test, remote_addr=/127.0.0.1:55352, backend=test-backend, active_conns=0
23:45:06.735 [HTTP-Dispatcher] INFO com.loadbalancer.proxy.ProxyHandler -- Proxying request: method=GET, path=/test, remote_addr=/127.0.0.1:55352, backend=test-backend, active_conns=0
23:45:06.737 [HTTP-Dispatcher] INFO com.loadbalancer.proxy.ProxyHandler -- Proxying request: method=GET, path=/test, remote_addr=/127.0.0.1:55352, backend=test-backend, active_conns=0
23:45:06.739 [HTTP-Dispatcher] INFO com.loadbalancer.proxy.ProxyHandler -- Proxying request: method=GET, path=/test, remote_addr=/127.0.0.1:55352, backend=test-backend, active_conns=0
23:45:06.740 [HTTP-Dispatcher] INFO com.loadbalancer.proxy.ProxyHandler -- Proxying request: method=GET, path=/test, remote_addr=/127.0.0.1:55352, backend=test-backend, active_conns=0
23:45:06.742 [HTTP-Dispatcher] INFO com.loadbalancer.proxy.ProxyHandler -- Proxying request: method=GET, path=/test, remote_addr=/127.0.0.1:55352, backend=test-backend, active_conns=0
23:45:06.743 [HTTP-Dispatcher] INFO com.loadbalancer.proxy.ProxyHandler -- Proxying request: method=GET, path=/test, remote_addr=/127.0.0.1:55352, backend=test-backend, active_conns=0
23:45:06.744 [HTTP-Dispatcher] INFO com.loadbalancer.proxy.ProxyHandler -- Proxying request: method=GET, path=/test, remote_addr=/127.0.0.1:55352, backend=test-backend, active_conns=0
23:45:06.746 [HTTP-Dispatcher] INFO com.loadbalancer.proxy.ProxyHandler -- Proxying request: method=GET, path=/test, remote_addr=/127.0.0.1:55352, backend=test-backend, active_conns=0
23:45:06.747 [HTTP-Dispatcher] INFO com.loadbalancer.proxy.ProxyHandler -- Proxying request: method=GET, path=/test, remote_addr=/127.0.0.1:55352, backend=test-backend, active_conns=0
23:45:06.748 [HTTP-Dispatcher] INFO com.loadbalancer.proxy.ProxyHandler -- Proxying request: method=GET, path=/test, remote_addr=/127.0.0.1:55352, backend=test-backend, active_conns=0
23:45:06.750 [HTTP-Dispatcher] INFO com.loadbalancer.proxy.ProxyHandler -- Proxying request: method=GET, path=/test, remote_addr=/127.0.0.1:55352, backend=test-backend, active_conns=0
23:45:06.751 [HTTP-Dispatcher] INFO com.loadbalancer.proxy.ProxyHandler -- Proxying request: method=GET, path=/test, remote_addr=/127.0.0.1:55352, backend=test-backend, active_conns=0
23:45:06.752 [HTTP-Dispatcher] INFO com.loadbalancer.proxy.ProxyHandler -- Proxying request: method=GET, path=/test, remote_addr=/127.0.0.1:55352, backend=test-backend, active_conns=0
23:45:06.754 [HTTP-Dispatcher] INFO com.loadbalancer.proxy.ProxyHandler -- Proxying request: method=GET, path=/test, remote_addr=/127.0.0.1:55352, backend=test-backend, active_conns=0
23:45:06.755 [HTTP-Dispatcher] INFO com.loadbalancer.proxy.ProxyHandler -- Proxying request: method=GET, path=/test, remote_addr=/127.0.0.1:55352, backend=test-backend, active_conns=0
23:45:06.757 [HTTP-Dispatcher] INFO com.loadbalancer.proxy.ProxyHandler -- Proxying request: method=GET, path=/test, remote_addr=/127.0.0.1:55352, backend=test-backend, active_conns=0
23:45:06.758 [HTTP-Dispatcher] INFO com.loadbalancer.proxy.ProxyHandler -- Proxying request: method=GET, path=/test, remote_addr=/127.0.0.1:55352, backend=test-backend, active_conns=0
23:45:06.759 [HTTP-Dispatcher] INFO com.loadbalancer.proxy.ProxyHandler -- Proxying request: method=GET, path=/test, remote_addr=/127.0.0.1:55352, backend=test-backend, active_conns=0
]]></system-out>
  </testcase>
  <testcase name="rateLimitRejectsWith429AfterBurst" classname="com.loadbalancer.proxy.ProxyHandlerTest" time="0.008">
    <system-out><![CDATA[23:45:06.762 [main] INFO com.loadbalancer.pool.RoundRobinPool -- Backend added to round-robin pool: backend=test-backend, url=http://localhost:55354, pool_size=1
23:45:06.765 [HTTP-Dispatcher] INFO com.loadbalancer.proxy.ProxyHandler -- Proxying request: method=GET, path=/test, remote_addr=/127.0.0.1:55356, backend=test-backend, active_conns=0
23:45:06.767 [HTTP-Dispatcher] INFO com.loadbalancer.proxy.ProxyHandler -- Proxying request: method=GET, path=/test, remote_addr=/127.0.0.1:55356, backend=test-backend, active_conns=0
23:45:06.768 [HTTP-Dispatcher] INFO com.loadbalancer.proxy.ProxyHandler -- Rate limit exceeded: client=127.0.0.1, retry_after_ms=1000
]]></system-out>
  </testcase>
  <testcase name="retriesOn502AndSucceeds" classname="com.loadbalancer.proxy.ProxyHandlerTest" time="0.014">
    <system-out><![CDATA[23:45:06.771 [main] INFO com.loadbalancer.pool.RoundRobinPool -- Backend added to round-robin pool: backend=bad-backend, url=http://localhost:55358, pool_size=1
23:45:06.771 [main] INFO com.loadbalancer.pool.RoundRobinPool -- Backend added to round-robin pool: backend=good-backend, url=http://localhost:55359, pool_size=2
23:45:06.772 [HTTP-Dispatcher] INFO com.loadbalancer.proxy.ProxyHandler -- Proxying request: method=GET, path=/test, remote_addr=/127.0.0.1:55361, backend=bad-backend, active_conns=0
23:45:06.773 [HTTP-Dispatcher] WARN com.loadbalancer.proxy.ProxyHandler -- Retrying request: attempt=1/2, backend=bad-backend, reason=HTTP 502, backoff=7ms, path=/test
]]></system-out>
  </testcase>
  <testcase name="stickySessionRoutesToPinnedBackend" classname="com.loadbalancer.proxy.ProxyHandlerTest" time="0.01">
    <system-out><![CDATA[23:45:06.785 [main] INFO com.loadbalancer.pool.RoundRobinPool -- Backend added to round-robin pool: backend=backend-1, url=http://localhost:55364, pool_size=1
23:45:06.786 [main] INFO com.loadbalancer.pool.RoundRobinPool -- Backend added to round-robin pool: backend=backend-2, url=http://localhost:55365, pool_size=2
23:45:06.787 [HTTP-Dispatcher] DEBUG com.loadbalancer.session.StickySessionPool -- Sticky session hit: cookie=LB_BACKEND, backend=backend-2
23:45:06.787 [HTTP-Dispatcher] INFO com.loadbalancer.proxy.ProxyHandler -- Proxying request: method=GET, path=/test, remote_addr=/127.0.0.1:55367, backend=backend-2, active_conns=0
23:45:06.789 [HTTP-Dispatcher] DEBUG com.loadbalancer.session.StickySessionPool -- Sticky session hit: cookie=LB_BACKEND, backend=backend-2
23:45:06.789 [HTTP-Dispatcher] INFO com.loadbalancer.proxy.ProxyHandler -- Proxying request: method=GET, path=/test, remote_addr=/127.0.0.1:55367, backend=backend-2, active_conns=0
23:45:06.790 [HTTP-Dispatcher] DEBUG com.loadbalancer.session.StickySessionPool -- Sticky session hit: cookie=LB_BACKEND, backend=backend-2
23:45:06.790 [HTTP-Dispatcher] INFO com.loadbalancer.proxy.ProxyHandler -- Proxying request: method=GET, path=/test, remote_addr=/127.0.0.1:55367, backend=backend-2, active_conns=0
23:45:06.791 [HTTP-Dispatcher] DEBUG com.loadbalancer.session.StickySessionPool -- Sticky session hit: cookie=LB_BACKEND, backend=backend-2
23:45:06.791 [HTTP-Dispatcher] INFO com.loadbalancer.proxy.ProxyHandler -- Proxying request: method=GET, path=/test, remote_addr=/127.0.0.1:55367, backend=backend-2, active_conns=0
23:45:06.792 [HTTP-Dispatcher] DEBUG com.loadbalancer.session.StickySessionPool -- Sticky session hit: cookie=LB_BACKEND, backend=backend-2
23:45:06.792 [HTTP-Dispatcher] INFO com.loadbalancer.proxy.ProxyHandler -- Proxying request: method=GET, path=/test, remote_addr=/127.0.0.1:55367, backend=backend-2, active_conns=0
]]></system-out>
  </testcase>
  <testcase name="forwardsRequestToBackend" classname="com.loadbalancer.proxy.ProxyHandlerTest" time="0.003">
    <system-out><![CDATA[23:45:06.795 [main] INFO com.loadbalancer.pool.RoundRobinPool -- Backend added to round-robin pool: backend=test-backend, url=http://localhost:55369, pool_size=1
23:45:06.795 [HTTP-Dispatcher] INFO com.loadbalancer.proxy.ProxyHandler -- Proxying request: method=GET, path=/api/test, remote_addr=/127.0.0.1:55371, backend=test-backend, active_conns=0
]]></system-out>
  </testcase>
  <testcase name="backoffCalculation" classname="com.loadbalancer.proxy.ProxyHandlerTest" time="0.001"/>
  <testcase name="rateLimitIsPerClient" classname="com.loadbalancer.proxy.ProxyHandlerTest" time="0.005">
    <system-out><![CDATA[23:45:06.798 [main] INFO com.loadbalancer.pool.RoundRobinPool -- Backend added to round-robin pool: backend=test-backend, url=http://localhost:55373, pool_size=1
23:45:06.799 [HTTP-Dispatcher] INFO com.loadbalancer.proxy.ProxyHandler -- Proxying request: method=GET, path=/test, remote_addr=/127.0.0.1:55375, backend=test-backend, active_conns=0
23:45:06.801 [HTTP-Dispatcher] INFO com.loadbalancer.proxy.ProxyHandler -- Rate limit exceeded: client=127.0.0.1, retry_after_ms=1000
23:45:06.801 [HTTP-Dispatcher] INFO com.loadbalancer.proxy.ProxyHandler -- Proxying request: method=GET, path=/test, remote_addr=/127.0.0.1:55375, backend=test-backend, active_conns=0
]]></system-out>
  </testcase>
  <testcase name="returns503WhenNoBackendsAvailable" classname="com.loadbalancer.proxy.ProxyHandlerTest" time="0.002"/>
  <testcase name="circuitBreakerRecoveryWithProbe" classname="com.loadbalancer.proxy.ProxyHandlerTest" time="0.087">
    <system-out><![CDATA[23:45:06.806 [main] INFO com.loadbalancer.pool.RoundRobinPool -- Backend added to round-robin pool: backend=test-backend, url=http://localhost:55379, pool_size=1
23:45:06.806 [main] WARN com.loadbalancer.circuit.CircuitBreaker -- Circuit breaker OPENED: backend=test-backend, failures=2 in 5s window
23:45:06.890 [HTTP-Dispatcher] INFO com.loadbalancer.proxy.ProxyHandler -- Proxying request: method=GET, path=/test, remote_addr=/127.0.0.1:55381, backend=test-backend, active_conns=0
23:45:06.890 [HTTP-Dispatcher] INFO com.loadbalancer.circuit.CircuitBreaker -- Circuit breaker HALF_OPEN: backend=test-backend, allowing probe request
23:45:06.891 [HTTP-Dispatcher] INFO com.loadbalancer.circuit.CircuitBreaker -- Circuit breaker CLOSED: backend=test-backend, probe succeeded
]]></system-out>
  </testcase>
  <testcase name="noStickyCookieWhenStickyDisabled" classname="com.loadbalancer.proxy.ProxyHandlerTest" time="0.003">
    <system-out><![CDATA[23:45:06.893 [main] INFO com.loadbalancer.pool.RoundRobinPool -- Backend added to round-robin pool: backend=test-backend, url=http://localhost:55383, pool_size=1
23:45:06.894 [HTTP-Dispatcher] INFO com.loadbalancer.proxy.ProxyHandler -- Proxying request: method=GET, path=/test, remote_addr=/127.0.0.1:55385, backend=test-backend, active_conns=0
]]></system-out>
  </testcase>
  <testcase name="noRetryOn200" classname="com.loadbalancer.proxy.ProxyHandlerTest" time="0.003">
    <system-out><![CDATA[23:45:06.897 [main] INFO com.loadbalancer.pool.RoundRobinPool -- Backend added to round-robin pool: backend=backend-1, url=http://localhost:55387, pool_size=1
23:45:06.898 [HTTP-Dispatcher] INFO com.loadbalancer.proxy.ProxyHandler -- Proxying request: method=GET, path=/test, remote_addr=/127.0.0.1:55389, backend=backend-1, active_conns=0
]]></system-out>
  </testcase>
  <testcase name="noRetryOn404" classname="com.loadbalancer.proxy.ProxyHandlerTest" time="0.003">
    <system-out><![CDATA[23:45:06.900 [main] INFO com.loadbalancer.pool.RoundRobinPool -- Backend added to round-robin pool: backend=backend-1, url=http://localhost:55391, pool_size=1
23:45:06.901 [HTTP-Dispatcher] INFO com.loadbalancer.proxy.ProxyHandler -- Proxying request: method=GET, path=/test, remote_addr=/127.0.0.1:55393, backend=backend-1, active_conns=0
]]></system-out>
  </testcase>
  <testcase name="circuitBreakerTripsAfterFailures" classname="com.loadbalancer.proxy.ProxyHandlerTest" time="0.007">
    <system-out><![CDATA[23:45:06.904 [main] INFO com.loadbalancer.pool.RoundRobinPool -- Backend added to round-robin pool: backend=unreachable, url=http://localhost:1, pool_size=1
23:45:06.905 [HTTP-Dispatcher] INFO com.loadbalancer.proxy.ProxyHandler -- Proxying request: method=GET, path=/test, remote_addr=/127.0.0.1:55396, backend=unreachable, active_conns=0
23:45:06.906 [HTTP-Dispatcher] ERROR com.loadbalancer.pool.Backend -- Backend error: backend=unreachable, url=http://localhost:1, error=null
23:45:06.908 [HTTP-Dispatcher] INFO com.loadbalancer.proxy.ProxyHandler -- Proxying request: method=GET, path=/test, remote_addr=/127.0.0.1:55396, backend=unreachable, active_conns=0
23:45:06.909 [HTTP-Dispatcher] ERROR com.loadbalancer.pool.Backend -- Backend error: backend=unreachable, url=http://localhost:1, error=null
23:45:06.909 [HTTP-Dispatcher] WARN com.loadbalancer.circuit.CircuitBreaker -- Circuit breaker OPENED: backend=unreachable, failures=2 in 5s window
23:45:06.909 [HTTP-Dispatcher] WARN com.loadbalancer.pool.RoundRobinPool -- No healthy backends available, total_backends=1
]]></system-out>
  </testcase>
  <testcase name="retriesOnConnectionFailureAndSucceeds" classname="com.loadbalancer.proxy.ProxyHandlerTest" time="0.013">
    <system-out><![CDATA[23:45:06.911 [main] INFO com.loadbalancer.pool.RoundRobinPool -- Backend added to round-robin pool: backend=bad-backend, url=http://localhost:1, pool_size=1
23:45:06.911 [main] INFO com.loadbalancer.pool.RoundRobinPool -- Backend added to round-robin pool: backend=good-backend, url=http://localhost:55401, pool_size=2
23:45:06.912 [HTTP-Dispatcher] INFO com.loadbalancer.proxy.ProxyHandler -- Proxying request: method=GET, path=/test, remote_addr=/127.0.0.1:55403, backend=bad-backend, active_conns=0
23:45:06.913 [HTTP-Dispatcher] ERROR com.loadbalancer.pool.Backend -- Backend error: backend=bad-backend, url=http://localhost:1, error=null
23:45:06.913 [HTTP-Dispatcher] WARN com.loadbalancer.proxy.ProxyHandler -- Retrying request: attempt=1/2, backend=bad-backend, reason=null, backoff=7ms, path=/test
]]></system-out>
  </testcase>
  <testcase name="proxyResultCircuitOpenReturns503" classname="com.loadbalancer.proxy.ProxyHandlerTest" time="0.002"/>
  <testcase name="noRetryWhenRetriesDisabled" classname="com.loadbalancer.proxy.ProxyHandlerTest" time="0.002">
    <system-out><![CDATA[23:45:06.926 [main] INFO com.loadbalancer.pool.RoundRobinPool -- Backend added to round-robin pool: backend=unreachable, url=http://localhost:1, pool_size=1
23:45:06.926 [HTTP-Dispatcher] INFO com.loadbalancer.proxy.ProxyHandler -- Proxying request: method=GET, path=/test, remote_addr=/127.0.0.1:55410, backend=unreachable, active_conns=0
23:45:06.927 [HTTP-Dispatcher] ERROR com.loadbalancer.pool.Backend -- Backend error: backend=unreachable, url=http://localhost:1, error=null
]]></system-out>
  </testcase>
  <testcase name="stickySessionCookieInResponse" classname="com.loadbalancer.proxy.ProxyHandlerTest" time="0.008">
    <system-out><![CDATA[23:45:06.928 [main] INFO com.loadbalancer.pool.RoundRobinPool -- Backend added to round-robin pool: backend=test-backend, url=http://localhost:55413, pool_size=1
23:45:06.929 [HTTP-Dispatcher] INFO com.loadbalancer.proxy.ProxyHandler -- Proxying request: method=GET, path=/test, remote_addr=/127.0.0.1:55415, backend=test-backend, active_conns=0
]]></system-out>
  </testcase>
  <testcase name="stickyFallsBackAndRepinsWhenPinnedBackendDown" classname="com.loadbalancer.proxy.ProxyHandlerTest" time="0.006">
    <system-out><![CDATA[23:45:06.938 [main] INFO com.loadbalancer.pool.RoundRobinPool -- Backend added to round-robin pool: backend=backend-1, url=http://localhost:55417, pool_size=1
23:45:06.938 [main] INFO com.loadbalancer.pool.RoundRobinPool -- Backend added to round-robin pool: backend=backend-2, url=http://localhost:55418, pool_size=2
23:45:06.939 [HTTP-Dispatcher] INFO com.loadbalancer.proxy.ProxyHandler -- Proxying request: method=GET, path=/test, remote_addr=/127.0.0.1:55420, backend=backend-1, active_conns=0
23:45:06.940 [main] INFO com.loadbalancer.pool.Backend -- Backend status changed: backend=backend-1, alive=false
23:45:06.940 [HTTP-Dispatcher] INFO com.loadbalancer.session.StickySessionPool -- Sticky session miss: backend=backend-1 unavailable, falling back to algorithm
23:45:06.940 [HTTP-Dispatcher] INFO com.loadbalancer.proxy.ProxyHandler -- Proxying request: method=GET, path=/test, remote_addr=/127.0.0.1:55420, backend=backend-2, active_conns=0
]]></system-out>
  </testcase>
</testsuite>