<?xml version="1.0" encoding="UTF-8"?>
<testsuite xmlns:xsi="http://www.w3.org/2001/XMLSchema-instance" xsi:noNamespaceSchemaLocation="https://maven.apache.org/surefire/maven-surefire-plugin/xsd/surefire-test-report.xsd" version="3.0.2" name="com.loadbalancer.pool.LeastConnectionsPoolTest" time="0.005" tests="5" errors="0" skipped="0" failures="0">
  <properties>
[...]
</properties>
  <testcase name="emptyPoolReturnsNull" classname="com.loadbalancer.pool.LeastConnectionsPoolTest" time="0.001"/>
  <testcase name="allDeadReturnsNull" classname="com.loadbalancer.pool.LeastConnectionsPoolTest" time="0.001">
    <system-out><![CDATA[23:45:08.726 [main] INFO com.loadbalancer.pool.LeastConnectionsPool -- Backend added to least-connections pool: backend=b1, url=http://localhost:9001, pool_size=1
23:45:08.726 [main] INFO com.loadbalancer.pool.Backend -- Backend status changed: backend=b1, alive=false
23:45:08.726 [main] WARN com.loadbalancer.pool.LeastConnectionsPool -- No healthy backends available, total_backends=1
]]></system-out>
  </testcase>
  <testcase name="skipsDeadBackends" classname="com.loadbalancer.pool.LeastConnectionsPoolTest" time="0.0">
    <system-out><![CDATA[23:45:08.727 [main] INFO com.loadbalancer.pool.LeastConnectionsPool -- Backend added to least-connections pool: backend=alive, url=http://localhost:9001, pool_size=1
23:45:08.727 [main] INFO com.loadbalancer.pool.LeastConnectionsPool -- Backend added to least-connections pool: backend=dead, url=http://localhost:9002, pool_size=2
23:45:08.727 [main] INFO com.loadbalancer.pool.Backend -- Backend status changed: backend=dead, alive=false
]]></system-out>
  </testcase>
  <testcase name="selectsLeastLoadedBackend" classname="com.loadbalancer.pool.LeastConnectionsPoolTest" time="0.001">
    <system-out><![CDATA[23:45:08.728 [main] INFO com.loadbalancer.pool.LeastConnectionsPool -- Backend added to least-connections pool: backend=b1, url=http://localhost:9001, pool_size=1
23:45:08.728 [main] INFO com.loadbalancer.pool.LeastConnectionsPool -- Backend added to least-connections pool: backend=b2, url=http://localhost:9002, pool_size=2
]]></system-out>
  </testcase>
  <testcase name="uniformTieBreakerDistributionAcrossMultipleTiedBackends" classname="com.loadbalancer.pool.LeastConnectionsPoolTest" time="0.002">
    <system-out><![CDATA[23:45:08.729 [main] INFO com.loadbalancer.pool.LeastConnectionsPool -- Backend added to least-connections pool: backend=b1, url=http://localhost:9001, pool_size=1
23:45:08.729 [main] INFO com.loadbalancer.pool.LeastConnectionsPool -- Backend added to least-connections pool: backend=b2, url=http://localhost:9002, pool_size=2
23:45:08.729 [main] INFO com.loadbalancer.pool.LeastConnectionsPool -- Backend added to least-connections pool: backend=b3, url=http://localhost:9003, pool_size=3
23:45:08.729 [main] INFO com.loadbalancer.pool.LeastConnectionsPool -- Backend added to least-connections pool: backend=b4, url=http://localhost:9004, pool_size=4
]]></system-out>
  </testcase>
</testsuite>